#-----------------------------------------------------------
# Vivado v2020.2 (64-bit)
# SW Build 3064766 on Wed Nov 18 09:12:45 MST 2020
# IP Build 3064653 on Wed Nov 18 14:17:31 MST 2020
# Start of session at: Wed Aug 16 09:09:19 2023
# Process ID: 2192
# Current directory: H:/FPGA/souce/23_sdram_control
# Command line: vivado.exe -gui_launcher_event rodinguilauncherevent23540 H:\FPGA\souce\23_sdram_control\sdram_control.xpr
# Log file: H:/FPGA/souce/23_sdram_control/vivado.log
# Journal file: H:/FPGA/souce/23_sdram_control\vivado.jou
#-----------------------------------------------------------
start_gui
open_project H:/FPGA/souce/23_sdram_control/sdram_control.xpr
Scanning sources...
Finished scanning sources
INFO: [IP_Flow 19-234] Refreshing IP repositories
INFO: [IP_Flow 19-1704] No user IP repositories specified
INFO: [IP_Flow 19-2313] Loaded Vivado IP repository 'H:/FPGA/Xilinx/Vivado/2020.2/data/ip'.
update_compile_order -fileset sources_1
WARNING: [filemgmt 56-199] Attempt to get parsing info during refresh. "On-the-fly" syntax checking information may be incorrect. [H:\FPGA\souce\23_sdram_control\sdram_control.srcs\sources_1\new\sdram_control_top.v:]
WARNING: [filemgmt 56-199] Attempt to get parsing info during refresh. "On-the-fly" syntax checking information may be incorrect. [H:\FPGA\souce\23_sdram_control\sdram_control.srcs\sources_1\new\sdram_control.v:]
ERROR: [Common 17-180] Spawn failed: No error
exit
INFO: [Common 17-206] Exiting Vivado at Wed Aug 16 11:43:06 2023...
