#-----------------------------------------------------------
# Vivado v2020.2 (64-bit)
# SW Build 3064766 on Wed Nov 18 09:12:45 MST 2020
# IP Build 3064653 on Wed Nov 18 14:17:31 MST 2020
# Start of session at: Mon Aug 14 18:38:38 2023
# Process ID: 11028
# Current directory: H:/FPGA/souce/23_sdram_control
# Command line: vivado.exe -gui_launcher_event rodinguilauncherevent11032 H:\FPGA\souce\23_sdram_control\sdram_control.xpr
# Log file: H:/FPGA/souce/23_sdram_control/vivado.log
# Journal file: H:/FPGA/souce/23_sdram_control\vivado.jou
#-----------------------------------------------------------
start_gui
open_project H:/FPGA/souce/23_sdram_control/sdram_control.xpr
Scanning sources...
Finished scanning sources
INFO: [IP_Flow 19-234] Refreshing IP repositories
INFO: [IP_Flow 19-1704] No user IP repositories specified
INFO: [IP_Flow 19-2313] Loaded Vivado IP repository 'H:/FPGA/Xilinx/Vivado/2020.2/data/ip'.
update_compile_order -fileset sources_1
exit
INFO: [Common 17-206] Exiting Vivado at Mon Aug 14 18:40:09 2023...
