
*** Running vivado
    with args -log uart_dpram.vds -m64 -product Vivado -mode batch -messageDb vivado.pb -notrace -source uart_dpram.tcl



****** Vivado v2020.2 (64-bit)
  **** SW Build 3064766 on Wed Nov 18 09:12:45 MST 2020
  **** IP Build 3064653 on Wed Nov 18 14:17:31 MST 2020
    ** Copyright 1986-2020 Xilinx, Inc. All Rights Reserved.

source uart_dpram.tcl -notrace
Command: synth_design -top uart_dpram -part xc7z020clg484-2
Starting synth_design
Attempting to get a license for feature 'Synthesis' and/or device 'xc7z020'
INFO: [Common 17-349] Got license for feature 'Synthesis' and/or device 'xc7z020'
INFO: [Device 21-403] Loading part xc7z020clg484-2
INFO: [Synth 8-7079] Multithreading enabled for synth_design using a maximum of 2 processes.
INFO: [Synth 8-7078] Launching helper process for spawning children vivado processes
INFO: [Synth 8-7075] Helper process launched with PID 22716
---------------------------------------------------------------------------------
Starting RTL Elaboration : Time (s): cpu = 00:00:04 ; elapsed = 00:00:03 . Memory (MB): peak = 1165.383 ; gain = 26.637
---------------------------------------------------------------------------------
INFO: [Synth 8-6157] synthesizing module 'uart_dpram' [H:/FPGA/souce/18_ram_proc/ram_proc.srcs/sources_1/new/uart_dpram.v:23]
INFO: [Synth 8-6157] synthesizing module 'key_filter' [H:/FPGA/souce/18_ram_proc/ram_proc.srcs/sources_1/new/key_filter.v:23]
	Parameter IDLE bound to: 4'b0001 
	Parameter FILTER0 bound to: 4'b0010 
	Parameter DOWN bound to: 4'b0100 
	Parameter FILTER1 bound to: 4'b1000 
INFO: [Synth 8-6155] done synthesizing module 'key_filter' (1#1) [H:/FPGA/souce/18_ram_proc/ram_proc.srcs/sources_1/new/key_filter.v:23]
INFO: [Synth 8-6157] synthesizing module 'uart_byte_rx' [H:/FPGA/souce/18_ram_proc/ram_proc.srcs/sources_1/new/uart_byte_rx.v:1]
INFO: [Synth 8-6155] done synthesizing module 'uart_byte_rx' (2#1) [H:/FPGA/souce/18_ram_proc/ram_proc.srcs/sources_1/new/uart_byte_rx.v:1]
INFO: [Synth 8-6157] synthesizing module 'uart_byte_tx' [H:/FPGA/souce/18_ram_proc/ram_proc.srcs/sources_1/new/uart_byte_tx.v:1]
	Parameter START_BIT bound to: 1'b0 
	Parameter STOP_BIT bound to: 1'b1 
INFO: [Synth 8-6155] done synthesizing module 'uart_byte_tx' (3#1) [H:/FPGA/souce/18_ram_proc/ram_proc.srcs/sources_1/new/uart_byte_tx.v:1]
INFO: [Synth 8-6157] synthesizing module 'ctrl' [H:/FPGA/souce/18_ram_proc/ram_proc.srcs/sources_1/new/ctrl.v:23]
INFO: [Synth 8-6155] done synthesizing module 'ctrl' (4#1) [H:/FPGA/souce/18_ram_proc/ram_proc.srcs/sources_1/new/ctrl.v:23]
INFO: [Synth 8-6157] synthesizing module 'blk_mem_gen_0' [H:/FPGA/souce/18_ram_proc/ram_proc.runs/synth_1/.Xil/Vivado-21768-Snail/realtime/blk_mem_gen_0_stub.v:6]
INFO: [Synth 8-6155] done synthesizing module 'blk_mem_gen_0' (5#1) [H:/FPGA/souce/18_ram_proc/ram_proc.runs/synth_1/.Xil/Vivado-21768-Snail/realtime/blk_mem_gen_0_stub.v:6]
INFO: [Synth 8-6155] done synthesizing module 'uart_dpram' (6#1) [H:/FPGA/souce/18_ram_proc/ram_proc.srcs/sources_1/new/uart_dpram.v:23]
---------------------------------------------------------------------------------
Finished RTL Elaboration : Time (s): cpu = 00:00:05 ; elapsed = 00:00:04 . Memory (MB): peak = 1223.285 ; gain = 84.539
---------------------------------------------------------------------------------
---------------------------------------------------------------------------------
Start Handling Custom Attributes
---------------------------------------------------------------------------------
---------------------------------------------------------------------------------
Finished Handling Custom Attributes : Time (s): cpu = 00:00:05 ; elapsed = 00:00:05 . Memory (MB): peak = 1241.219 ; gain = 102.473
---------------------------------------------------------------------------------
---------------------------------------------------------------------------------
Finished RTL Optimization Phase 1 : Time (s): cpu = 00:00:05 ; elapsed = 00:00:05 . Memory (MB): peak = 1241.219 ; gain = 102.473
---------------------------------------------------------------------------------
Netlist sorting complete. Time (s): cpu = 00:00:00 ; elapsed = 00:00:00.004 . Memory (MB): peak = 1241.219 ; gain = 0.000
INFO: [Project 1-570] Preparing netlist for logic optimization

Processing XDC Constraints
Initializing timing engine
Parsing XDC File [h:/FPGA/souce/18_ram_proc/ram_proc.gen/sources_1/ip/blk_mem_gen_0/blk_mem_gen_0/blk_mem_gen_0_in_context.xdc] for cell 'blk_mem_gen_inst'
Finished Parsing XDC File [h:/FPGA/souce/18_ram_proc/ram_proc.gen/sources_1/ip/blk_mem_gen_0/blk_mem_gen_0/blk_mem_gen_0_in_context.xdc] for cell 'blk_mem_gen_inst'
Parsing XDC File [H:/FPGA/souce/18_ram_proc/ram_proc.srcs/constrs_1/new/ram_proc.xdc]
Finished Parsing XDC File [H:/FPGA/souce/18_ram_proc/ram_proc.srcs/constrs_1/new/ram_proc.xdc]
INFO: [Project 1-236] Implementation specific constraints were found while reading constraint file [H:/FPGA/souce/18_ram_proc/ram_proc.srcs/constrs_1/new/ram_proc.xdc]. These constraints will be ignored for synthesis but will be used in implementation. Impacted constraints are listed in the file [.Xil/uart_dpram_propImpl.xdc].
Resolution: To avoid this warning, move constraints listed in [.Xil/uart_dpram_propImpl.xdc] to another XDC file and exclude this new file from synthesis with the used_in_synthesis property (File Properties dialog in GUI) and re-run elaboration/synthesis.
Completed Processing XDC Constraints

Netlist sorting complete. Time (s): cpu = 00:00:00 ; elapsed = 00:00:00 . Memory (MB): peak = 1357.250 ; gain = 0.000
INFO: [Project 1-111] Unisim Transformation Summary:
No Unisim elements were transformed.

Constraint Validation Runtime : Time (s): cpu = 00:00:00 ; elapsed = 00:00:00.003 . Memory (MB): peak = 1357.250 ; gain = 0.000
---------------------------------------------------------------------------------
Finished Constraint Validation : Time (s): cpu = 00:00:10 ; elapsed = 00:00:10 . Memory (MB): peak = 1357.250 ; gain = 218.504
---------------------------------------------------------------------------------
---------------------------------------------------------------------------------
Start Loading Part and Timing Information
---------------------------------------------------------------------------------
Loading part: xc7z020clg484-2
---------------------------------------------------------------------------------
Finished Loading Part and Timing Information : Time (s): cpu = 00:00:10 ; elapsed = 00:00:10 . Memory (MB): peak = 1357.250 ; gain = 218.504
---------------------------------------------------------------------------------
---------------------------------------------------------------------------------
Start Applying 'set_property' XDC Constraints
---------------------------------------------------------------------------------
Applied set_property KEEP_HIERARCHY = SOFT for blk_mem_gen_inst. (constraint file  auto generated constraint).
---------------------------------------------------------------------------------
Finished applying 'set_property' XDC Constraints : Time (s): cpu = 00:00:10 ; elapsed = 00:00:10 . Memory (MB): peak = 1357.250 ; gain = 218.504
---------------------------------------------------------------------------------
INFO: [Synth 8-802] inferred FSM for state register 'state_reg' in module 'key_filter'
---------------------------------------------------------------------------------------------------
                   State |                     New Encoding |                Previous Encoding 
---------------------------------------------------------------------------------------------------
*
                    IDLE |                             0001 |                             0001
                 FILTER0 |                             0010 |                             0010
                    DOWN |                             0100 |                             0100
                 FILTER1 |                             1000 |                             1000
---------------------------------------------------------------------------------------------------
INFO: [Synth 8-3898] No Re-encoding of one hot register 'state_reg' in module 'key_filter'
---------------------------------------------------------------------------------
Finished RTL Optimization Phase 2 : Time (s): cpu = 00:00:10 ; elapsed = 00:00:10 . Memory (MB): peak = 1357.250 ; gain = 218.504
---------------------------------------------------------------------------------
---------------------------------------------------------------------------------
Start RTL Component Statistics 
---------------------------------------------------------------------------------
Detailed RTL Component Info : 
+---Adders : 
	   2 Input   16 Bit       Adders := 2     
	   2 Input    8 Bit       Adders := 3     
	   2 Input    4 Bit       Adders := 1     
	   2 Input    3 Bit       Adders := 10    
+---Registers : 
	               16 Bit    Registers := 4     
	                8 Bit    Registers := 5     
	                4 Bit    Registers := 1     
	                3 Bit    Registers := 10    
	                1 Bit    Registers := 22    
+---Muxes : 
	   2 Input   16 Bit        Muxes := 6     
	   6 Input   13 Bit        Muxes := 1     
	   6 Input    9 Bit        Muxes := 1     
	   2 Input    8 Bit        Muxes := 1     
	   5 Input    4 Bit        Muxes := 1     
	   2 Input    4 Bit        Muxes := 4     
	   2 Input    3 Bit        Muxes := 1     
	   2 Input    2 Bit        Muxes := 2     
	   2 Input    1 Bit        Muxes := 12    
	   5 Input    1 Bit        Muxes := 6     
	  12 Input    1 Bit        Muxes := 10    
---------------------------------------------------------------------------------
Finished RTL Component Statistics 
---------------------------------------------------------------------------------
---------------------------------------------------------------------------------
Start Part Resource Summary
---------------------------------------------------------------------------------
Part Resources:
DSPs: 220 (col length:60)
BRAMs: 280 (col length: RAMB18 60 RAMB36 30)
---------------------------------------------------------------------------------
Finished Part Resource Summary
---------------------------------------------------------------------------------
---------------------------------------------------------------------------------
Start Cross Boundary and Area Optimization
---------------------------------------------------------------------------------
---------------------------------------------------------------------------------
Finished Cross Boundary and Area Optimization : Time (s): cpu = 00:00:12 ; elapsed = 00:00:12 . Memory (MB): peak = 1357.250 ; gain = 218.504
---------------------------------------------------------------------------------
---------------------------------------------------------------------------------
Start Applying XDC Timing Constraints
---------------------------------------------------------------------------------
---------------------------------------------------------------------------------
Finished Applying XDC Timing Constraints : Time (s): cpu = 00:00:17 ; elapsed = 00:00:17 . Memory (MB): peak = 1357.250 ; gain = 218.504
---------------------------------------------------------------------------------
---------------------------------------------------------------------------------
Start Timing Optimization
---------------------------------------------------------------------------------
---------------------------------------------------------------------------------
Finished Timing Optimization : Time (s): cpu = 00:00:17 ; elapsed = 00:00:17 . Memory (MB): peak = 1357.250 ; gain = 218.504
---------------------------------------------------------------------------------
---------------------------------------------------------------------------------
Start Technology Mapping
---------------------------------------------------------------------------------
---------------------------------------------------------------------------------
Finished Technology Mapping : Time (s): cpu = 00:00:17 ; elapsed = 00:00:17 . Memory (MB): peak = 1357.250 ; gain = 218.504
---------------------------------------------------------------------------------
---------------------------------------------------------------------------------
Start IO Insertion
---------------------------------------------------------------------------------
---------------------------------------------------------------------------------
Start Flattening Before IO Insertion
---------------------------------------------------------------------------------
---------------------------------------------------------------------------------
Finished Flattening Before IO Insertion
---------------------------------------------------------------------------------
---------------------------------------------------------------------------------
Start Final Netlist Cleanup
---------------------------------------------------------------------------------
---------------------------------------------------------------------------------
Finished Final Netlist Cleanup
---------------------------------------------------------------------------------
---------------------------------------------------------------------------------
Finished IO Insertion : Time (s): cpu = 00:00:20 ; elapsed = 00:00:20 . Memory (MB): peak = 1357.250 ; gain = 218.504
---------------------------------------------------------------------------------
---------------------------------------------------------------------------------
Start Renaming Generated Instances
---------------------------------------------------------------------------------
---------------------------------------------------------------------------------
Finished Renaming Generated Instances : Time (s): cpu = 00:00:20 ; elapsed = 00:00:20 . Memory (MB): peak = 1357.250 ; gain = 218.504
---------------------------------------------------------------------------------
---------------------------------------------------------------------------------
Start Rebuilding User Hierarchy
---------------------------------------------------------------------------------
---------------------------------------------------------------------------------
Finished Rebuilding User Hierarchy : Time (s): cpu = 00:00:20 ; elapsed = 00:00:20 . Memory (MB): peak = 1357.250 ; gain = 218.504
---------------------------------------------------------------------------------
---------------------------------------------------------------------------------
Start Renaming Generated Ports
---------------------------------------------------------------------------------
---------------------------------------------------------------------------------
Finished Renaming Generated Ports : Time (s): cpu = 00:00:20 ; elapsed = 00:00:20 . Memory (MB): peak = 1357.250 ; gain = 218.504
---------------------------------------------------------------------------------
---------------------------------------------------------------------------------
Start Handling Custom Attributes
---------------------------------------------------------------------------------
---------------------------------------------------------------------------------
Finished Handling Custom Attributes : Time (s): cpu = 00:00:20 ; elapsed = 00:00:20 . Memory (MB): peak = 1357.250 ; gain = 218.504
---------------------------------------------------------------------------------
---------------------------------------------------------------------------------
Start Renaming Generated Nets
---------------------------------------------------------------------------------
---------------------------------------------------------------------------------
Finished Renaming Generated Nets : Time (s): cpu = 00:00:20 ; elapsed = 00:00:20 . Memory (MB): peak = 1357.250 ; gain = 218.504
---------------------------------------------------------------------------------
---------------------------------------------------------------------------------
Start Writing Synthesis Report
---------------------------------------------------------------------------------

Report BlackBoxes: 
+------+--------------+----------+
|      |BlackBox name |Instances |
+------+--------------+----------+
|1     |blk_mem_gen_0 |         1|
+------+--------------+----------+

Report Cell Usage: 
+------+------------+------+
|      |Cell        |Count |
+------+------------+------+
|1     |blk_mem_gen |     1|
|2     |BUFG        |     1|
|3     |CARRY4      |    17|
|4     |LUT1        |     6|
|5     |LUT2        |    33|
|6     |LUT3        |    54|
|7     |LUT4        |    15|
|8     |LUT5        |    18|
|9     |LUT6        |    64|
|10    |MUXF7       |     1|
|11    |FDCE        |   141|
|12    |FDPE        |    11|
|13    |IBUF        |     4|
|14    |OBUF        |     1|
+------+------------+------+
---------------------------------------------------------------------------------
Finished Writing Synthesis Report : Time (s): cpu = 00:00:20 ; elapsed = 00:00:20 . Memory (MB): peak = 1357.250 ; gain = 218.504
---------------------------------------------------------------------------------
Synthesis finished with 0 errors, 0 critical warnings and 0 warnings.
Synthesis Optimization Runtime : Time (s): cpu = 00:00:13 ; elapsed = 00:00:18 . Memory (MB): peak = 1357.250 ; gain = 102.473
Synthesis Optimization Complete : Time (s): cpu = 00:00:20 ; elapsed = 00:00:20 . Memory (MB): peak = 1357.250 ; gain = 218.504
INFO: [Project 1-571] Translating synthesized netlist
Netlist sorting complete. Time (s): cpu = 00:00:00 ; elapsed = 00:00:00.004 . Memory (MB): peak = 1357.809 ; gain = 0.000
INFO: [Netlist 29-17] Analyzing 18 Unisim elements for replacement
INFO: [Netlist 29-28] Unisim Transformation completed in 0 CPU seconds
INFO: [Project 1-570] Preparing netlist for logic optimization
INFO: [Opt 31-138] Pushed 0 inverter(s) to 0 load pin(s).
Netlist sorting complete. Time (s): cpu = 00:00:00 ; elapsed = 00:00:00 . Memory (MB): peak = 1357.809 ; gain = 0.000
INFO: [Project 1-111] Unisim Transformation Summary:
No Unisim elements were transformed.

INFO: [Common 17-83] Releasing license: Synthesis
29 Infos, 0 Warnings, 0 Critical Warnings and 0 Errors encountered.
synth_design completed successfully
synth_design: Time (s): cpu = 00:00:26 ; elapsed = 00:00:27 . Memory (MB): peak = 1357.809 ; gain = 219.062
INFO: [Common 17-1381] The checkpoint 'H:/FPGA/souce/18_ram_proc/ram_proc.runs/synth_1/uart_dpram.dcp' has been generated.
INFO: [runtcl-4] Executing : report_utilization -file uart_dpram_utilization_synth.rpt -pb uart_dpram_utilization_synth.pb
INFO: [Common 17-206] Exiting Vivado at Mon Jul 10 08:48:32 2023...
