#-----------------------------------------------------------
# Vivado v2020.2 (64-bit)
# SW Build 3064766 on Wed Nov 18 09:12:45 MST 2020
# IP Build 3064653 on Wed Nov 18 14:17:31 MST 2020
# Start of session at: Tue Aug 22 09:59:24 2023
# Process ID: 24644
# Current directory: H:/FPGA/souce/24_eth_udp
# Command line: vivado.exe -gui_launcher_event rodinguilauncherevent27676 H:\FPGA\souce\24_eth_udp\eth_udp.xpr
# Log file: H:/FPGA/souce/24_eth_udp/vivado.log
# Journal file: H:/FPGA/souce/24_eth_udp\vivado.jou
#-----------------------------------------------------------
start_gui
open_project H:/FPGA/souce/24_eth_udp/eth_udp.xpr
Scanning sources...
Finished scanning sources
INFO: [IP_Flow 19-234] Refreshing IP repositories
INFO: [IP_Flow 19-1704] No user IP repositories specified
INFO: [Common 17-41] Interrupt caught. Command should exit soon.
INFO: [IP_Flow 19-2313] Loaded Vivado IP repository 'H:/FPGA/Xilinx/Vivado/2020.2/data/ip'.
INFO: [Common 17-344] 'open_project' was cancelled
exit
INFO: [Common 17-206] Exiting Vivado at Tue Aug 22 09:59:40 2023...
