#-----------------------------------------------------------
# Vivado v2020.2 (64-bit)
# SW Build 3064766 on Wed Nov 18 09:12:45 MST 2020
# IP Build 3064653 on Wed Nov 18 14:17:31 MST 2020
# Start of session at: Sat Aug 19 09:11:53 2023
# Process ID: 8232
# Current directory: H:/FPGA/souce/21_iic/iic
# Command line: vivado.exe -gui_launcher_event rodinguilauncherevent23384 H:\FPGA\souce\21_iic\iic\iic.xpr
# Log file: H:/FPGA/souce/21_iic/iic/vivado.log
# Journal file: H:/FPGA/souce/21_iic/iic\vivado.jou
#-----------------------------------------------------------
start_gui
open_project H:/FPGA/souce/21_iic/iic/iic.xpr
WARNING: [filemgmt 56-3] Default IP Output Path : Could not find the directory 'H:/FPGA/souce/21_iic/iic/iic.gen/sources_1'.
Scanning sources...
Finished scanning sources
INFO: [IP_Flow 19-234] Refreshing IP repositories
INFO: [IP_Flow 19-1704] No user IP repositories specified
INFO: [IP_Flow 19-2313] Loaded Vivado IP repository 'H:/FPGA/Xilinx/Vivado/2020.2/data/ip'.
update_compile_order -fileset sources_1
WARNING: [filemgmt 56-199] Attempt to get parsing info during refresh. "On-the-fly" syntax checking information may be incorrect. [H:\FPGA\souce\21_iic\iic\iic.srcs\sources_1\new\iic_ctrl.v:]
WARNING: [filemgmt 56-199] Attempt to get parsing info during refresh. "On-the-fly" syntax checking information may be incorrect. [H:\FPGA\souce\21_iic\iic\iic.srcs\sources_1\new\iic_bit_shift.v:]
ERROR: [Common 17-180] Spawn failed: No error
exit
INFO: [Common 17-206] Exiting Vivado at Sat Aug 19 17:51:12 2023...
