# do {pwm_tb_compile.do}
# Model Technology ModelSim SE-64 vmap 2020.4 Lib Mapping Utility 2020.10 Oct 13 2020
# vmap xil_defaultlib modelsim_lib/msim/xil_defaultlib 
# Modifying modelsim.ini
# Model Technology ModelSim SE-64 vlog 2020.4 Compiler 2020.10 Oct 13 2020
# Start time: 10:06:45 on Jul 19,2023
# vlog -incr -work xil_defaultlib ../../../../pwm.srcs/sources_1/new/pwm.v ../../../../pwm.srcs/sim_1/new/pwm_tb.v 
# -- Compiling module pwm
# -- Compiling module pwm_tb
# 
# Top level modules:
# 	pwm_tb
# End time: 10:06:45 on Jul 19,2023, Elapsed time: 0:00:00
# Errors: 0, Warnings: 0
# Model Technology ModelSim SE-64 vlog 2020.4 Compiler 2020.10 Oct 13 2020
# Start time: 10:06:45 on Jul 19,2023
# vlog -work xil_defaultlib glbl.v 
# -- Compiling module glbl
# 
# Top level modules:
# 	glbl
# End time: 10:06:45 on Jul 19,2023, Elapsed time: 0:00:00
# Errors: 0, Warnings: 0
