# do {hello_tb_compile.do}
# ** Warning: (vlib-34) Library already exists at "modelsim_lib/work".
# Errors: 0, Warnings: 1
# ** Warning: (vlib-34) Library already exists at "modelsim_lib/msim".
# Errors: 0, Warnings: 1
# ** Warning: (vlib-34) Library already exists at "modelsim_lib/msim/xil_defaultlib".
# Errors: 0, Warnings: 1
# Model Technology ModelSim SE-64 vmap 2020.4 Lib Mapping Utility 2020.10 Oct 13 2020
# vmap xil_defaultlib modelsim_lib/msim/xil_defaultlib 
# Modifying modelsim.ini
# Model Technology ModelSim SE-64 vlog 2020.4 Compiler 2020.10 Oct 13 2020
# Start time: 23:51:46 on Jul 05,2023
# vlog -incr -work xil_defaultlib ../../../../hello.srcs/sources_1/new/hello.v ../../../../hello.srcs/sim_1/new/hello_tb.v 
# -- Compiling module hello
# -- Skipping module hello_tb
# 
# Top level modules:
# 	hello_tb
# End time: 23:51:46 on Jul 05,2023, Elapsed time: 0:00:00
# Errors: 0, Warnings: 0
# Model Technology ModelSim SE-64 vlog 2020.4 Compiler 2020.10 Oct 13 2020
# Start time: 23:51:46 on Jul 05,2023
# vlog -work xil_defaultlib glbl.v 
# -- Compiling module glbl
# 
# Top level modules:
# 	glbl
# End time: 23:51:46 on Jul 05,2023, Elapsed time: 0:00:00
# Errors: 0, Warnings: 0
