# //  ModelSim SE-64 2020.4 Oct 13 2020
# //
# //  Copyright 1991-2020 Mentor Graphics Corporation
# //  All Rights Reserved.
# //
# //  ModelSim SE-64 and its associated documentation contain trade
# //  secrets and commercial or financial information that are the property of
# //  Mentor Graphics Corporation and are privileged, confidential,
# //  and exempt from disclosure under the Freedom of Information Act,
# //  5 U.S.C. Section 552. Furthermore, this information
# //  is prohibited from disclosure under the Trade Secrets Act,
# //  18 U.S.C. Section 1905.
# //
# do {hello_tb_simulate.do}
# vsim -voptargs=""+acc"" -coverage -fsmdebug -L xil_defaultlib -L unisims_ver -L unimacro_ver -L secureip -lib xil_defaultlib xil_defaultlib.hello_tb xil_defaultlib.glbl 
# Start time: 23:51:56 on Jul 05,2023
# ** Note: (vsim-3813) Design is being optimized due to module recompilation...
# ** Note: (vopt-143) Recognized 1 FSM in module "hello(fast)".
# Loading work.hello_tb(fast)
# Loading work.hello(fast)
# Loading work.glbl(fast)
# ** Warning: (vsim-8634) Code was not compiled with coverage options.
# 1
# 1
# .main_pane.wave.interior.cs.body.pw.wf
# .main_pane.structure.interior.cs.body.struct
# .main_pane.objects.interior.cs.body.tree
# ** Note: $stop    : ../../../../hello.srcs/sim_1/new/hello_tb.v(30)
#    Time: 400 ns  Iteration: 0  Instance: /hello_tb
# Break in Module hello_tb at ../../../../hello.srcs/sim_1/new/hello_tb.v line 30
# End time: 23:52:40 on Jul 05,2023, Elapsed time: 0:00:44
# Errors: 0, Warnings: 1
